
Showing logs for build [32mcb-kubecd-environment-pr-501-2-vtsmk-1[0m stage [32mfrom-build-pack[0m and container [32mstep-credential-initializer-8hfsw[0m
{"level":"info","ts":1587576585.3193448,"logger":"fallback-logger","caller":"logging/config.go:69","msg":"Fetch GitHub commit ID from kodata failed: open /var/run/ko/refs/heads/0.8.0-ns-support: no such file or directory"}
{"level":"info","ts":1587576585.319794,"logger":"fallback-logger","caller":"creds-init/main.go:40","msg":"Credentials initialized."}

Showing logs for build [32mcb-kubecd-environment-pr-501-2-vtsmk-1[0m stage [32mfrom-build-pack[0m and container [32mstep-working-dir-initializer-gktl8[0m
{"level":"info","ts":1587576586.461501,"logger":"fallback-logger","caller":"logging/config.go:69","msg":"Fetch GitHub commit ID from kodata failed: open /var/run/ko/HEAD: no such file or directory"}
{"level":"info","ts":1587576586.4629424,"logger":"fallback-logger","caller":"bash/main.go:64","msg":"Successfully executed command \"sh -c mkdir -p /workspace/source\"; output "}

Showing logs for build [32mcb-kubecd-environment-pr-501-2-vtsmk-1[0m stage [32mfrom-build-pack[0m and container [32mstep-place-tools[0m

Showing logs for build [32mcb-kubecd-environment-pr-501-2-vtsmk-1[0m stage [32mfrom-build-pack[0m and container [32mstep-git-source-cb-kubecd-environment-pr-501-2-vtsmk-rlckx[0m
{"level":"info","ts":1587576615.6686835,"logger":"fallback-logger","caller":"logging/config.go:69","msg":"Fetch GitHub commit ID from kodata failed: open /var/run/ko/refs/heads/0.8.0-ns-support: no such file or directory"}
{"level":"info","ts":1587576618.2966847,"logger":"fallback-logger","caller":"git/git.go:103","msg":"Successfully cloned https://github.com/cb-kubecd/environment-pr-501-2-bdd-frontend-staging.git @ master in path /workspace/source"}

Showing logs for build [32mcb-kubecd-environment-pr-501-2-vtsmk-1[0m stage [32mfrom-build-pack[0m and container [32mstep-git-merge[0m
Using SHAs from PULL_REFS=master:c7fce2573df1876ddb5a4ceb3b96b1c75a2f8733,1:dfc3e990e1973b3726d0bb6f84f3e553edc6be17
DEBUG: LC_ALL=C JX_LOG_LEVEL=error git fetch origin --unshallow dfc3e990e1973b3726d0bb6f84f3e553edc6be17: c7fce2573df1876ddb5a4ceb3b96b1c75a2f8733:
DEBUG: ran git fetch --unshallow origin dfc3e990e1973b3726d0bb6f84f3e553edc6be17: c7fce2573df1876ddb5a4ceb3b96b1c75a2f8733: in 
DEBUG: LC_ALL=C JX_LOG_LEVEL=error git branch
DEBUG: LC_ALL=C JX_LOG_LEVEL=error git checkout master
DEBUG: ran git checkout master in 
DEBUG: LC_ALL=C JX_LOG_LEVEL=error git reset --hard c7fce2573df1876ddb5a4ceb3b96b1c75a2f8733
DEBUG: ran git reset --hard c7fce2573df1876ddb5a4ceb3b96b1c75a2f8733 in 
DEBUG: LC_ALL=C JX_LOG_LEVEL=error git clean -fd .
DEBUG: ran clean --force -d . in 
DEBUG: LC_ALL=C JX_LOG_LEVEL=error git merge dfc3e990e1973b3726d0bb6f84f3e553edc6be17
DEBUG: ran git merge dfc3e990e1973b3726d0bb6f84f3e553edc6be17 in 
DEBUG: LC_ALL=C JX_LOG_LEVEL=error git log --format=%H%x1f%an%x1f%ae%x1f%cn%x1f%ce%x1f%s%n%b%x1e c7fce2573df1876ddb5a4ceb3b96b1c75a2f8733..HEAD
Merged SHA dfc3e990e1973b3726d0bb6f84f3e553edc6be17 with commit message 'chore: Promote bdd-nh-1587575592 to version 0.0.1' into base branch master

Showing logs for build [32mcb-kubecd-environment-pr-501-2-vtsmk-1[0m stage [32mfrom-build-pack[0m and container [32mstep-build-helm-build[0m
WARNING: No $CHART_REPOSITORY defined so using the default value of: http://jenkins-x-chartmuseum:8080
Adding missing Helm repo: storage.googleapis.com https://storage.googleapis.com/chartmuseum.jenkins-x.io
WARNING: No secrets found on "helm/repos" due: reading the secret "helm/repos" from vault: no secret "helm/repos" not found in vault
Read credentials for https://storage.googleapis.com/chartmuseum.jenkins-x.io from vault helm/repos
Successfully added Helm repository storage.googleapis.com.
Adding missing Helm repo: jenkins-x-chartmuseum http://jenkins-x-chartmuseum:8080
WARNING: No secrets found on "helm/repos" due: reading the secret "helm/repos" from vault: no secret "helm/repos" not found in vault
Read credentials for http://jenkins-x-chartmuseum:8080 from vault helm/repos
Successfully added Helm repository jenkins-x-chartmuseum.
WARNING: No $CHART_REPOSITORY defined so using the default value of: http://jenkins-x-chartmuseum:8080
Adding missing Helm repo: chartmuseum.jenkins-x.io http://chartmuseum.jenkins-x.io
WARNING: No secrets found on "helm/repos" due: reading the secret "helm/repos" from vault: no secret "helm/repos" not found in vault
Read credentials for http://chartmuseum.jenkins-x.io from vault helm/repos
Successfully added Helm repository chartmuseum.jenkins-x.io.
